{"C:\\Users\\Nitro 5\\Dropbox\\PC\\Documents\\Capacitacion\\Front\\practica\\TS-Facturacion\\dist\\index.js": {"path":"C:\\Users\\Nitro 5\\Dropbox\\PC\\Documents\\Capacitacion\\Front\\practica\\TS-Facturacion\\dist\\index.js","statementMap":{"0":{"start":{"line":2,"column":0},"end":{"line":2,"column":62}},"1":{"start":{"line":3,"column":0},"end":{"line":3,"column":23}},"2":{"start":{"line":6,"column":8},"end":{"line":6,"column":20}},"3":{"start":{"line":7,"column":8},"end":{"line":7,"column":40}},"4":{"start":{"line":8,"column":8},"end":{"line":8,"column":25}},"5":{"start":{"line":9,"column":8},"end":{"line":9,"column":25}},"6":{"start":{"line":10,"column":8},"end":{"line":10,"column":32}},"7":{"start":{"line":11,"column":8},"end":{"line":11,"column":26}},"8":{"start":{"line":12,"column":8},"end":{"line":12,"column":40}},"9":{"start":{"line":15,"column":8},"end":{"line":15,"column":51}},"10":{"start":{"line":18,"column":8},"end":{"line":18,"column":168}},"11":{"start":{"line":22,"column":15},"end":{"line":24,"column":1}},"12":{"start":{"line":23,"column":4},"end":{"line":23,"column":47}},"13":{"start":{"line":28,"column":8},"end":{"line":28,"column":20}},"14":{"start":{"line":29,"column":8},"end":{"line":29,"column":40}},"15":{"start":{"line":30,"column":8},"end":{"line":30,"column":25}},"16":{"start":{"line":31,"column":8},"end":{"line":31,"column":28}},"17":{"start":{"line":32,"column":8},"end":{"line":32,"column":32}},"18":{"start":{"line":33,"column":8},"end":{"line":33,"column":43}},"19":{"start":{"line":34,"column":8},"end":{"line":34,"column":21}},"20":{"start":{"line":35,"column":8},"end":{"line":35,"column":28}},"21":{"start":{"line":36,"column":8},"end":{"line":36,"column":40}},"22":{"start":{"line":39,"column":26},"end":{"line":39,"column":27}},"23":{"start":{"line":40,"column":8},"end":{"line":42,"column":11}},"24":{"start":{"line":41,"column":12},"end":{"line":41,"column":52}},"25":{"start":{"line":43,"column":8},"end":{"line":43,"column":27}},"26":{"start":{"line":46,"column":20},"end":{"line":46,"column":40}},"27":{"start":{"line":47,"column":8},"end":{"line":47,"column":50}},"28":{"start":{"line":50,"column":8},"end":{"line":50,"column":222}},"29":{"start":{"line":50,"column":53},"end":{"line":50,"column":77}},"30":{"start":{"line":53,"column":18},"end":{"line":53,"column":23}},"31":{"start":{"line":54,"column":8},"end":{"line":56,"column":9}},"32":{"start":{"line":55,"column":12},"end":{"line":55,"column":38}},"33":{"start":{"line":59,"column":16},"end":{"line":59,"column":33}},"34":{"start":{"line":60,"column":0},"end":{"line":60,"column":24}},"35":{"start":{"line":61,"column":0},"end":{"line":61,"column":29}},"36":{"start":{"line":62,"column":0},"end":{"line":62,"column":29}},"37":{"start":{"line":63,"column":0},"end":{"line":63,"column":23}},"38":{"start":{"line":64,"column":16},"end":{"line":64,"column":33}},"39":{"start":{"line":65,"column":0},"end":{"line":65,"column":24}},"40":{"start":{"line":66,"column":0},"end":{"line":66,"column":29}},"41":{"start":{"line":67,"column":0},"end":{"line":67,"column":30}},"42":{"start":{"line":68,"column":0},"end":{"line":68,"column":23}},"43":{"start":{"line":69,"column":15},"end":{"line":69,"column":30}},"44":{"start":{"line":70,"column":0},"end":{"line":70,"column":18}},"45":{"start":{"line":71,"column":0},"end":{"line":71,"column":35}},"46":{"start":{"line":72,"column":0},"end":{"line":72,"column":35}},"47":{"start":{"line":73,"column":0},"end":{"line":73,"column":40}},"48":{"start":{"line":75,"column":4},"end":{"line":75,"column":17}},"49":{"start":{"line":77,"column":0},"end":{"line":77,"column":22}}},"fnMap":{"0":{"name":"(anonymous_0)","decl":{"start":{"line":5,"column":4},"end":{"line":5,"column":5}},"loc":{"start":{"line":5,"column":18},"end":{"line":13,"column":5}},"line":5},"1":{"name":"(anonymous_1)","decl":{"start":{"line":14,"column":4},"end":{"line":14,"column":5}},"loc":{"start":{"line":14,"column":20},"end":{"line":16,"column":5}},"line":14},"2":{"name":"(anonymous_2)","decl":{"start":{"line":17,"column":4},"end":{"line":17,"column":5}},"loc":{"start":{"line":17,"column":20},"end":{"line":19,"column":5}},"line":17},"3":{"name":"(anonymous_3)","decl":{"start":{"line":22,"column":15},"end":{"line":22,"column":16}},"loc":{"start":{"line":22,"column":21},"end":{"line":24,"column":1}},"line":22},"4":{"name":"(anonymous_4)","decl":{"start":{"line":27,"column":4},"end":{"line":27,"column":5}},"loc":{"start":{"line":27,"column":18},"end":{"line":37,"column":5}},"line":27},"5":{"name":"(anonymous_5)","decl":{"start":{"line":38,"column":4},"end":{"line":38,"column":5}},"loc":{"start":{"line":38,"column":20},"end":{"line":44,"column":5}},"line":38},"6":{"name":"(anonymous_6)","decl":{"start":{"line":40,"column":31},"end":{"line":40,"column":32}},"loc":{"start":{"line":40,"column":45},"end":{"line":42,"column":9}},"line":40},"7":{"name":"(anonymous_7)","decl":{"start":{"line":45,"column":4},"end":{"line":45,"column":5}},"loc":{"start":{"line":45,"column":24},"end":{"line":48,"column":5}},"line":45},"8":{"name":"(anonymous_8)","decl":{"start":{"line":49,"column":4},"end":{"line":49,"column":5}},"loc":{"start":{"line":49,"column":22},"end":{"line":51,"column":5}},"line":49},"9":{"name":"(anonymous_9)","decl":{"start":{"line":50,"column":39},"end":{"line":50,"column":40}},"loc":{"start":{"line":50,"column":53},"end":{"line":50,"column":77}},"line":50},"10":{"name":"(anonymous_10)","decl":{"start":{"line":52,"column":4},"end":{"line":52,"column":5}},"loc":{"start":{"line":52,"column":25},"end":{"line":57,"column":5}},"line":52},"11":{"name":"sumar","decl":{"start":{"line":74,"column":9},"end":{"line":74,"column":14}},"loc":{"start":{"line":74,"column":21},"end":{"line":76,"column":1}},"line":74}},"branchMap":{"0":{"loc":{"start":{"line":54,"column":8},"end":{"line":56,"column":9}},"type":"if","locations":[{"start":{"line":54,"column":8},"end":{"line":56,"column":9}},{"start":{},"end":{}}],"line":54}},"s":{"0":1,"1":1,"2":2,"3":2,"4":2,"5":2,"6":2,"7":2,"8":2,"9":6,"10":2,"11":1,"12":2,"13":1,"14":1,"15":1,"16":1,"17":1,"18":1,"19":1,"20":1,"21":1,"22":2,"23":2,"24":4,"25":2,"26":1,"27":1,"28":1,"29":2,"30":0,"31":0,"32":0,"33":1,"34":1,"35":1,"36":1,"37":1,"38":1,"39":1,"40":1,"41":1,"42":1,"43":1,"44":1,"45":1,"46":1,"47":1,"48":1,"49":1},"f":{"0":2,"1":6,"2":2,"3":2,"4":1,"5":2,"6":4,"7":1,"8":1,"9":2,"10":0,"11":1},"b":{"0":[0,0]},"inputSourceMap":null,"_coverageSchema":"1a1c01bbd47fc00a2c39e90264f33305004495a9","hash":"deafdf539972394960bfd279bac36a090d96c7aa"}
,"C:\\Users\\Nitro 5\\Dropbox\\PC\\Documents\\Capacitacion\\Front\\practica\\TS-Facturacion\\src\\index.ts": {"path":"C:\\Users\\Nitro 5\\Dropbox\\PC\\Documents\\Capacitacion\\Front\\practica\\TS-Facturacion\\src\\index.ts","statementMap":{"0":{"start":{"line":17,"column":4},"end":{"line":17,"column":28}},"1":{"start":{"line":18,"column":4},"end":{"line":18,"column":31}},"2":{"start":{"line":19,"column":4},"end":{"line":19,"column":24}},"3":{"start":{"line":20,"column":4},"end":{"line":20,"column":24}},"4":{"start":{"line":21,"column":4},"end":{"line":21,"column":31}},"5":{"start":{"line":22,"column":4},"end":{"line":22,"column":25}},"6":{"start":{"line":24,"column":6},"end":{"line":24,"column":38}},"7":{"start":{"line":28,"column":6},"end":{"line":28,"column":49}},"8":{"start":{"line":31,"column":8},"end":{"line":31,"column":170}},"9":{"start":{"line":16,"column":2},"end":{"line":16,"column":15}},"10":{"start":{"line":37,"column":17},"end":{"line":39,"column":3}},"11":{"start":{"line":38,"column":6},"end":{"line":38,"column":49}},"12":{"start":{"line":43,"column":11},"end":{"line":43,"column":35}},"13":{"start":{"line":44,"column":11},"end":{"line":44,"column":44}},"14":{"start":{"line":45,"column":11},"end":{"line":45,"column":31}},"15":{"start":{"line":46,"column":11},"end":{"line":46,"column":34}},"16":{"start":{"line":47,"column":11},"end":{"line":47,"column":38}},"17":{"start":{"line":48,"column":11},"end":{"line":48,"column":47}},"18":{"start":{"line":50,"column":11},"end":{"line":50,"column":27}},"19":{"start":{"line":51,"column":11},"end":{"line":51,"column":41}},"20":{"start":{"line":54,"column":6},"end":{"line":54,"column":38}},"21":{"start":{"line":57,"column":28},"end":{"line":57,"column":29}},"22":{"start":{"line":58,"column":10},"end":{"line":60,"column":13}},"23":{"start":{"line":59,"column":14},"end":{"line":59,"column":54}},"24":{"start":{"line":61,"column":10},"end":{"line":61,"column":29}},"25":{"start":{"line":65,"column":22},"end":{"line":65,"column":42}},"26":{"start":{"line":66,"column":10},"end":{"line":66,"column":49}},"27":{"start":{"line":70,"column":10},"end":{"line":70,"column":225}},"28":{"start":{"line":70,"column":56},"end":{"line":70,"column":80}},"29":{"start":{"line":74,"column":26},"end":{"line":74,"column":31}},"30":{"start":{"line":78,"column":8},"end":{"line":80,"column":null}},"31":{"start":{"line":79,"column":10},"end":{"line":79,"column":36}},"32":{"start":{"line":42,"column":2},"end":{"line":42,"column":15}},"33":{"start":{"line":84,"column":18},"end":{"line":84,"column":35}},"34":{"start":{"line":85,"column":8},"end":{"line":85,"column":32}},"35":{"start":{"line":86,"column":8},"end":{"line":86,"column":37}},"36":{"start":{"line":87,"column":8},"end":{"line":87,"column":37}},"37":{"start":{"line":88,"column":8},"end":{"line":88,"column":31}},"38":{"start":{"line":90,"column":18},"end":{"line":90,"column":35}},"39":{"start":{"line":91,"column":8},"end":{"line":91,"column":32}},"40":{"start":{"line":92,"column":8},"end":{"line":92,"column":37}},"41":{"start":{"line":93,"column":8},"end":{"line":93,"column":38}},"42":{"start":{"line":94,"column":8},"end":{"line":94,"column":31}},"43":{"start":{"line":96,"column":17},"end":{"line":96,"column":32}},"44":{"start":{"line":97,"column":8},"end":{"line":97,"column":26}},"45":{"start":{"line":98,"column":8},"end":{"line":98,"column":43}},"46":{"start":{"line":99,"column":8},"end":{"line":99,"column":43}},"47":{"start":{"line":102,"column":2},"end":{"line":102,"column":42}}},"fnMap":{"0":{"name":"(anonymous_0)","decl":{"start":{"line":23,"column":4},"end":{"line":23,"column":null}},"loc":{"start":{"line":23,"column":4},"end":{"line":25,"column":5}}},"1":{"name":"(anonymous_1)","decl":{"start":{"line":27,"column":6},"end":{"line":27,"column":19}},"loc":{"start":{"line":27,"column":19},"end":{"line":29,"column":5}}},"2":{"name":"(anonymous_2)","decl":{"start":{"line":30,"column":4},"end":{"line":30,"column":17}},"loc":{"start":{"line":30,"column":17},"end":{"line":32,"column":5}}},"3":{"name":"(anonymous_3)","decl":{"start":{"line":37,"column":17},"end":{"line":37,"column":19}},"loc":{"start":{"line":37,"column":21},"end":{"line":39,"column":3}}},"4":{"name":"(anonymous_4)","decl":{"start":{"line":53,"column":4},"end":{"line":53,"column":null}},"loc":{"start":{"line":53,"column":4},"end":{"line":55,"column":5}}},"5":{"name":"(anonymous_5)","decl":{"start":{"line":56,"column":12},"end":{"line":56,"column":25}},"loc":{"start":{"line":56,"column":25},"end":{"line":62,"column":7}}},"6":{"name":"(anonymous_6)","decl":{"start":{"line":58,"column":33},"end":{"line":58,"column":34}},"loc":{"start":{"line":58,"column":46},"end":{"line":60,"column":11}}},"7":{"name":"(anonymous_7)","decl":{"start":{"line":64,"column":13},"end":{"line":64,"column":30}},"loc":{"start":{"line":64,"column":30},"end":{"line":67,"column":7}}},"8":{"name":"(anonymous_8)","decl":{"start":{"line":69,"column":13},"end":{"line":69,"column":28}},"loc":{"start":{"line":69,"column":28},"end":{"line":71,"column":7}}},"9":{"name":"(anonymous_9)","decl":{"start":{"line":70,"column":42},"end":{"line":70,"column":43}},"loc":{"start":{"line":70,"column":56},"end":{"line":70,"column":80}}},"10":{"name":"(anonymous_10)","decl":{"start":{"line":73,"column":13},"end":{"line":73,"column":27}},"loc":{"start":{"line":73,"column":45},"end":{"line":81,"column":7}}}},"branchMap":{"0":{"loc":{"start":{"line":78,"column":8},"end":{"line":80,"column":null}},"type":"if","locations":[{"start":{"line":78,"column":8},"end":{"line":80,"column":null}}]}},"s":{"0":5,"1":5,"2":5,"3":5,"4":5,"5":5,"6":5,"7":6,"8":2,"9":1,"10":1,"11":2,"12":1,"13":1,"14":1,"15":1,"16":1,"17":1,"18":1,"19":1,"20":1,"21":2,"22":2,"23":4,"24":2,"25":1,"26":1,"27":1,"28":2,"29":0,"30":0,"31":0,"32":1,"33":1,"34":1,"35":1,"36":1,"37":1,"38":1,"39":1,"40":1,"41":1,"42":1,"43":1,"44":1,"45":1,"46":1,"47":1},"f":{"0":5,"1":6,"2":2,"3":2,"4":1,"5":2,"6":4,"7":1,"8":1,"9":2,"10":0},"b":{"0":[0]}}
}
