TN:
SF:..\..\..\..\..\Dropbox\PC\Documents\Capacitacion\Front\practica\TS-Facturacion\dist\index.js
FN:5,(anonymous_0)
FN:14,(anonymous_1)
FN:17,(anonymous_2)
FN:23,(anonymous_3)
FN:28,(anonymous_4)
FN:39,(anonymous_5)
FN:41,(anonymous_6)
FN:46,(anonymous_7)
FN:50,(anonymous_8)
FN:51,(anonymous_9)
FN:53,(anonymous_10)
FNF:11
FNH:10
FNDA:6,(anonymous_0)
FNDA:6,(anonymous_1)
FNDA:2,(anonymous_2)
FNDA:2,(anonymous_3)
FNDA:2,(anonymous_4)
FNDA:4,(anonymous_5)
FNDA:4,(anonymous_6)
FNDA:2,(anonymous_7)
FNDA:2,(anonymous_8)
FNDA:2,(anonymous_9)
FNDA:0,(anonymous_10)
DA:2,1
DA:3,1
DA:6,6
DA:7,6
DA:8,6
DA:9,6
DA:10,6
DA:11,6
DA:12,6
DA:15,6
DA:18,2
DA:21,1
DA:23,1
DA:24,2
DA:29,2
DA:30,2
DA:31,2
DA:32,2
DA:33,2
DA:34,2
DA:35,2
DA:36,2
DA:37,2
DA:40,4
DA:41,4
DA:42,4
DA:44,4
DA:47,2
DA:48,2
DA:51,2
DA:54,0
DA:55,0
DA:56,0
DA:60,1
DA:61,1
DA:62,1
DA:63,1
DA:64,1
DA:65,1
DA:66,1
DA:67,1
DA:68,1
DA:69,1
DA:70,1
DA:71,1
DA:72,1
DA:73,1
DA:74,1
DA:75,1
LF:49
LH:46
BRDA:55,0,0,0
BRDA:55,0,1,0
BRF:2
BRH:0
end_of_record
TN:
SF:..\..\..\..\..\Dropbox\PC\Documents\Capacitacion\Front\practica\TS-Facturacion\src\index.ts
FN:23,(anonymous_0)
FN:27,(anonymous_1)
FN:30,(anonymous_2)
FN:37,(anonymous_3)
FN:53,(anonymous_4)
FN:56,(anonymous_5)
FN:58,(anonymous_6)
FN:64,(anonymous_7)
FN:69,(anonymous_8)
FN:70,(anonymous_9)
FN:73,(anonymous_10)
FNF:11
FNH:10
FNDA:6,(anonymous_0)
FNDA:6,(anonymous_1)
FNDA:2,(anonymous_2)
FNDA:2,(anonymous_3)
FNDA:3,(anonymous_4)
FNDA:6,(anonymous_5)
FNDA:4,(anonymous_6)
FNDA:3,(anonymous_7)
FNDA:3,(anonymous_8)
FNDA:2,(anonymous_9)
FNDA:0,(anonymous_10)
DA:16,1
DA:17,6
DA:18,6
DA:19,6
DA:20,6
DA:21,6
DA:22,6
DA:24,6
DA:28,6
DA:31,2
DA:37,1
DA:38,2
DA:42,1
DA:43,3
DA:44,3
DA:45,3
DA:46,3
DA:47,3
DA:48,3
DA:50,3
DA:51,3
DA:54,3
DA:57,6
DA:58,6
DA:59,4
DA:61,6
DA:65,3
DA:66,3
DA:70,3
DA:74,0
DA:78,0
DA:79,0
DA:84,1
DA:85,1
DA:86,1
DA:87,1
DA:88,1
DA:90,1
DA:91,1
DA:92,1
DA:93,1
DA:94,1
DA:96,1
DA:97,1
DA:98,1
DA:99,1
DA:102,1
LF:47
LH:44
BRDA:78,0,0,0
BRF:1
BRH:0
end_of_record
